<?xml version="1.0" encoding="UTF-8"?>
<!-- Generated by org.testng.reporters.JUnitReportReporter -->
<testsuite hostname="LAPTOP-RAQOTQJ9" failures="0" tests="1" name="Tests.LoginTest" time="51.674" errors="0" timestamp="2024-09-21T19:38:50 BDT" skipped="0">
  <testcase classname="Tests.LoginTest" name="loginWithExcelData" time="51.674"/>
</testsuite> <!-- Tests.LoginTest -->
